[Mon, 23 Mar 20 21:29:43 +0000][INFO] Success upload file 1584998983-5e792a471758c.jpg into /home/easyanuncios/public_html/rxart/files/imagenes/tutoriales
[Mon, 23 Mar 20 21:31:28 +0000][INFO] Success upload file 1584999088-5e792ab05815c.jpg into /home/easyanuncios/public_html/rxart/files/imagenes/tutoriales
[Mon, 23 Mar 20 21:32:49 +0000][INFO] Success upload file 1584999169-5e792b01e0685.jpg into /home/easyanuncios/public_html/rxart/files/imagenes/tutoriales
[Mon, 23 Mar 20 21:45:11 +0000][INFO] Success upload file 1584999911-5e792de7234e8.jpg into /home/easyanuncios/public_html/rxart/files/imagenes/tutoriales
[Mon, 23 Mar 20 21:45:53 +0000][INFO] Success upload file 1584999953-5e792e113428f.jpg into /home/easyanuncios/public_html/rxart/files/imagenes/tutoriales
[Mon, 23 Mar 20 21:47:24 +0000][INFO] Success upload file 1585000044-5e792e6ce9826.jpg into /home/easyanuncios/public_html/rxart/files/imagenes/tutoriales
[Mon, 23 Mar 20 21:50:12 +0000][INFO] Success upload file 1585000212-5e792f1444b08.jpg into /home/easyanuncios/public_html/rxart/files/imagenes/banners
[Mon, 23 Mar 20 21:55:12 +0000][INFO] Success upload file 1585000512-5e79304023ff6.jpg into /home/easyanuncios/public_html/rxart/files/imagenes/banners
[Mon, 23 Mar 20 21:55:45 +0000][INFO] Success upload file 1585000545-5e793061e7152.jpg into /home/easyanuncios/public_html/rxart/files/imagenes/banners
[Mon, 23 Mar 20 21:56:09 +0000][INFO] Success upload file 1585000569-5e7930795e0a5.jpg into /home/easyanuncios/public_html/rxart/files/imagenes/banners
[Mon, 23 Mar 20 21:56:16 +0000][INFO] Success upload file 1585000576-5e7930806a8bf.jpg into /home/easyanuncios/public_html/rxart/files/imagenes/banners
[Mon, 23 Mar 20 22:22:12 +0000][INFO] Success upload file 1585002132-5e7936941b396.png into /home/easyanuncios/public_html/rxart/files/imagenes/banners
[Mon, 23 Mar 20 22:24:53 +0000][INFO] Success upload file 1585002293-5e793735c6e52.jpg into /home/easyanuncios/public_html/rxart/files/imagenes/banners
[Mon, 23 Mar 20 22:32:59 +0000][INFO] Success upload file 1585002779-5e79391b0e0bf.jpg into /home/easyanuncios/public_html/rxart/files/imagenes/banners
[Mon, 23 Mar 20 22:33:39 +0000][INFO] Success upload file 1585002819-5e793943b324c.jpg into /home/easyanuncios/public_html/rxart/files/imagenes/banners
[Mon, 23 Mar 20 22:33:55 +0000][INFO] Success upload file 1585002835-5e7939538c3c4.jpg into /home/easyanuncios/public_html/rxart/files/imagenes/banners
[Mon, 23 Mar 20 22:35:05 +0000][INFO] Success upload file 1585002905-5e79399960bfc.jpg into /home/easyanuncios/public_html/rxart/files/imagenes/tutoriales
[Mon, 23 Mar 20 22:35:29 +0000][INFO] Success upload file 1585002929-5e7939b1334d8.jpg into /home/easyanuncios/public_html/rxart/files/imagenes/tutoriales
[Mon, 23 Mar 20 22:35:38 +0000][INFO] Success upload file 1585002938-5e7939ba918cb.jpg into /home/easyanuncios/public_html/rxart/files/imagenes/tutoriales
[Mon, 23 Mar 20 22:35:41 +0000][INFO] Success upload file 1585002941-5e7939bdec3b5.jpg into /home/easyanuncios/public_html/rxart/files/imagenes/tutoriales
[Mon, 23 Mar 20 22:36:53 +0000][INFO] Success upload file 1585003013-5e793a05bd717.jpg into /home/easyanuncios/public_html/rxart/files/imagenes/tutoriales
[Mon, 23 Mar 20 22:37:06 +0000][INFO] Success upload file 1585003026-5e793a12012c4.jpg into /home/easyanuncios/public_html/rxart/files/imagenes/tutoriales
[Mon, 23 Mar 20 22:40:01 +0000][INFO] Success upload file 1585003201-5e793ac104fa6.jpg into /home/easyanuncios/public_html/rxart/files/imagenes/banners
[Mon, 23 Mar 20 22:41:33 +0000][INFO] Success upload file 1585003293-5e793b1da9c83.jpg into /home/easyanuncios/public_html/rxart/files/imagenes/banners
[Thu, 02 Apr 20 17:07:41 +0000][INFO] Success upload file 1585847261-5e861bdd80552.png into /home/easyanuncios/public_html/rxart/files/imagenes/banners
[Thu, 02 Apr 20 18:36:35 +0000][INFO] Success upload file 1585852595-5e8630b35cf35.jpg into /home/easyanuncios/public_html/rxart/files/imagenes/beneficios
[Thu, 02 Apr 20 18:36:51 +0000][INFO] Success upload file 1585852611-5e8630c3718fb.jpg into /home/easyanuncios/public_html/rxart/files/imagenes/beneficios
[Thu, 02 Apr 20 18:39:32 +0000][INFO] Success upload file 1585852772-5e8631648423e.jpg into /home/easyanuncios/public_html/rxart/files/imagenes/beneficios
[Thu, 02 Apr 20 18:40:05 +0000][INFO] Success upload file 1585852805-5e86318509ecc.jpg into /home/easyanuncios/public_html/rxart/files/imagenes/beneficios
[Thu, 02 Apr 20 18:40:15 +0000][INFO] Success upload file 1585852815-5e86318f324bb.jpg into /home/easyanuncios/public_html/rxart/files/imagenes/beneficios
[Thu, 02 Apr 20 18:40:34 +0000][INFO] Success upload file 1585852834-5e8631a2e8fe4.jpg into /home/easyanuncios/public_html/rxart/files/imagenes/beneficios
[Thu, 02 Apr 20 18:40:58 +0000][INFO] Success upload file 1585852858-5e8631ba2bd90.jpg into /home/easyanuncios/public_html/rxart/files/imagenes/beneficios
[Thu, 02 Apr 20 18:41:47 +0000][INFO] Success upload file 1585852907-5e8631eb3a122.jpg into /home/easyanuncios/public_html/rxart/files/imagenes/beneficios
[Thu, 02 Apr 20 18:46:59 +0000][INFO] Success upload file 1585853219-5e8633234cbb1.jpg into /home/easyanuncios/public_html/rxart/files/imagenes/beneficios
[Thu, 02 Apr 20 20:54:09 +0000][INFO] Success upload file 1585860849-5e8650f1010bd.png into /home/easyanuncios/public_html/rxart/files/imagenes/banners
[Thu, 02 Apr 20 20:54:56 +0000][INFO] Success upload file 1585860896-5e8651204b458.png into /home/easyanuncios/public_html/rxart/files/imagenes/banners
[Thu, 02 Apr 20 20:55:14 +0000][INFO] Success upload file 1585860914-5e86513282bd9.png into /home/easyanuncios/public_html/rxart/files/imagenes/banners
[Thu, 02 Apr 20 20:55:32 +0000][INFO] Success upload file 1585860932-5e865144c5ca2.png into /home/easyanuncios/public_html/rxart/files/imagenes/banners
[Thu, 02 Apr 20 20:55:45 +0000][INFO] Success upload file 1585860945-5e865151d7a65.png into /home/easyanuncios/public_html/rxart/files/imagenes/banners
[Thu, 02 Apr 20 21:26:19 +0000][INFO] Success upload file 1585862779-5e86587b85ab4.jpg into /home/easyanuncios/public_html/rxart/files/imagenes/beneficios
[Thu, 02 Apr 20 21:31:58 +0000][INFO] Success upload file 1585863118-5e8659cec6597.jpg into /home/easyanuncios/public_html/rxart/files/imagenes/beneficios
[Fri, 03 Apr 20 17:57:27 +0000][INFO] Success upload file 1585936647-5e877907622bc.png into /home/easyanuncios/public_html/rxart/files/imagenes/beneficios
[Fri, 03 Apr 20 17:58:07 +0000][INFO] Success upload file 1585936676-5e877924c24d9.png into /home/easyanuncios/public_html/rxart/files/imagenes/beneficios
[Fri, 03 Apr 20 17:58:28 +0000][INFO] Success upload file 1585936708-5e877944bd92f.png into /home/easyanuncios/public_html/rxart/files/imagenes/beneficios
[Fri, 03 Apr 20 18:01:59 +0000][INFO] Success upload file 1585936919-5e877a179fc14.png into /home/easyanuncios/public_html/rxart/files/imagenes/tutoriales
[Fri, 03 Apr 20 18:40:35 +0000][INFO] Success upload file 1585939235-5e8783236ac60.png into /home/easyanuncios/public_html/rxart/files/imagenes/tutoriales
[Fri, 03 Apr 20 18:40:52 +0000][INFO] Success upload file 1585939252-5e8783340b884.png into /home/easyanuncios/public_html/rxart/files/imagenes/tutoriales
[Fri, 08 May 20 16:14:09 +0000][INFO] Success upload file 1588954448-5eb58550f393b.png into /home/remaxdesignperu/public_html/files/imagenes/tutoriales
[Fri, 08 May 20 16:14:34 +0000][INFO] Success upload file 1588954474-5eb5856a8aa14.png into /home/remaxdesignperu/public_html/files/imagenes/tutoriales
[Fri, 08 May 20 16:48:33 +0000][INFO] Success upload file 1588956513-5eb58d61cd3d8.jpg into /home/remaxdesignperu/public_html/files/imagenes/tutoriales
[Fri, 08 May 20 16:54:16 +0000][INFO] Success upload file 1588956856-5eb58eb8d3544.png into /home/remaxdesignperu/public_html/files/imagenes/tutoriales
[Fri, 08 May 20 17:20:03 +0000][INFO] Success upload file 1588958403-5eb594c3cfca2.jpg into /home/remaxdesignperu/public_html/files/imagenes/tutoriales
[Fri, 08 May 20 17:43:45 +0000][INFO] Success upload file 1588959825-5eb59a5192ffe.png into /home/remaxdesignperu/public_html/files/imagenes/tutoriales
[Fri, 08 May 20 17:56:20 +0000][INFO] Success upload file 1588960580-5eb59d44ee7b8.png into /home/remaxdesignperu/public_html/files/imagenes/tutoriales
[Fri, 08 May 20 17:56:29 +0000][INFO] Success upload file 1588960589-5eb59d4da5722.jpg into /home/remaxdesignperu/public_html/files/imagenes/tutoriales
[Fri, 08 May 20 17:57:09 +0000][INFO] Success upload file 1588960629-5eb59d7522656.jpg into /home/remaxdesignperu/public_html/files/imagenes/tutoriales
[Fri, 08 May 20 17:59:59 +0000][INFO] Success upload file 1588960799-5eb59e1f3dcd7.jpg into /home/remaxdesignperu/public_html/files/imagenes/tutoriales
[Fri, 08 May 20 18:03:10 +0000][INFO] Success upload file 1588960990-5eb59edef35aa.jpeg into /home/remaxdesignperu/public_html/files/imagenes/tutoriales
[Fri, 08 May 20 18:03:22 +0000][INFO] Success upload file 1588961002-5eb59eea60027.png into /home/remaxdesignperu/public_html/files/imagenes/tutoriales
[Fri, 08 May 20 18:04:26 +0000][INFO] Success upload file 1588961066-5eb59f2adf1ad.jpeg into /home/remaxdesignperu/public_html/files/imagenes/tutoriales
[Fri, 08 May 20 18:04:59 +0000][INFO] Success upload file 1588961099-5eb59f4b54982.jpg into /home/remaxdesignperu/public_html/files/imagenes/tutoriales
[Fri, 08 May 20 18:05:19 +0000][INFO] Success upload file 1588961119-5eb59f5fd5eef.jpg into /home/remaxdesignperu/public_html/files/imagenes/tutoriales
